<?xml version="1.0" encoding="UTF-8"?>
<testng-results ignored="0" total="1" passed="1" failed="0" skipped="0">
  <reporter-output>
  </reporter-output>
  <suite started-at="2024-08-31T16:50:08 IST" name="Default suite" finished-at="2024-08-31T16:50:16 IST" duration-ms="7560">
    <groups>
    </groups>
    <test started-at="2024-08-31T16:50:08 IST" name="Default test" finished-at="2024-08-31T16:50:16 IST" duration-ms="7560">
      <class name="tasks.Task4">
        <test-method signature="Shopping_Cart()[pri:0, instance:tasks.Task4@1a942c18]" started-at="2024-08-31T16:50:08 IST" name="Shopping_Cart" finished-at="2024-08-31T16:50:16 IST" duration-ms="7487" status="PASS">
          <reporter-output>
          </reporter-output>
        </test-method> <!-- Shopping_Cart -->
      </class> <!-- tasks.Task4 -->
    </test> <!-- Default test -->
  </suite> <!-- Default suite -->
</testng-results>
